2022.09.29 18:31:59 INFO  tracing is disabled for protocol LSP, to enable tracing of incoming and outgoing JSON messages create an empty file at c:\Users\alex8\OneDrive\Desktop\CS-3210_ppl\22FCS3210\prg_01_mouse\.metals\lsp.trace.json or C:\Users\alex8\AppData\Local\scalameta\metals\cache\lsp.trace.json
2022.09.29 18:32:00 INFO  logging to file C:\Users\alex8\OneDrive\Desktop\CS-3210_ppl\22FCS3210\prg_01_mouse\.metals\metals.log
2022.09.29 18:32:00 INFO  Started: Metals version 0.11.8 in workspace 'C:\Users\alex8\OneDrive\Desktop\CS-3210_ppl\22FCS3210\prg_01_mouse' for client Visual Studio Code 1.71.2.
2022.09.29 18:32:01 WARN  Flyway upgrade recommended: H2 2.1.214 is newer than this version of Flyway and support has not been tested. The latest supported version of H2 is 2.1.210.
2022.09.29 18:32:02 INFO  time: initialize in 1.95s
2022.09.29 18:32:04 WARN  Build server is not auto-connectable.
2022.09.29 18:32:04 WARN  no build tool detected in workspace 'C:\Users\alex8\OneDrive\Desktop\CS-3210_ppl\22FCS3210\prg_01_mouse'. The most common cause for this problem is that the editor was opened in the wrong working directory, for example if you use sbt then the workspace directory should contain build.sbt. 
2022.09.29 18:32:04 WARN  no build target for: C:\Users\alex8\OneDrive\Desktop\CS-3210_ppl\22FCS3210\prg_01_mouse\src\LexicalAnalyzer.scala
2022.09.29 18:32:09 WARN  no build target for: C:\Users\alex8\OneDrive\Desktop\CS-3210_ppl\22FCS3210\prg_01_mouse\src\LexicalAnalyzer.scala
Sep 29, 2022 6:32:09 PM org.eclipse.lsp4j.jsonrpc.RemoteEndpoint fallbackResponseError
SEVERE: Internal error: scala.meta.internal.metals.debug.BuildTargetNotFoundForPathException: No build target could be found for the path: C:\Users\alex8\OneDrive\Desktop\CS-3210_ppl\22FCS3210\prg_01_mouse\src\LexicalAnalyzer.scala
java.util.concurrent.CompletionException: scala.meta.internal.metals.debug.BuildTargetNotFoundForPathException: No build target could be found for the path: C:\Users\alex8\OneDrive\Desktop\CS-3210_ppl\22FCS3210\prg_01_mouse\src\LexicalAnalyzer.scala
	at java.base/java.util.concurrent.CompletableFuture.encodeThrowable(CompletableFuture.java:331)
	at java.base/java.util.concurrent.CompletableFuture.uniAcceptNow(CompletableFuture.java:743)
	at java.base/java.util.concurrent.CompletableFuture.uniAcceptStage(CompletableFuture.java:731)
	at java.base/java.util.concurrent.CompletableFuture.thenAcceptAsync(CompletableFuture.java:2182)
	at scala.concurrent.java8.FuturesConvertersImpl$CF.thenAccept(FutureConvertersImpl.scala:37)
	at org.eclipse.lsp4j.jsonrpc.RemoteEndpoint.handleRequest(RemoteEndpoint.java:279)
	at org.eclipse.lsp4j.jsonrpc.RemoteEndpoint.consume(RemoteEndpoint.java:190)
	at org.eclipse.lsp4j.jsonrpc.json.StreamMessageProducer.handleMessage(StreamMessageProducer.java:194)
	at org.eclipse.lsp4j.jsonrpc.json.StreamMessageProducer.listen(StreamMessageProducer.java:94)
	at org.eclipse.lsp4j.jsonrpc.json.ConcurrentMessageProcessor.run(ConcurrentMessageProcessor.java:113)
	at java.base/java.util.concurrent.Executors$RunnableAdapter.call(Executors.java:515)
	at java.base/java.util.concurrent.FutureTask.run(FutureTask.java:264)
	at java.base/java.util.concurrent.ThreadPoolExecutor.runWorker(ThreadPoolExecutor.java:1130)
	at java.base/java.util.concurrent.ThreadPoolExecutor$Worker.run(ThreadPoolExecutor.java:630)
	at java.base/java.lang.Thread.run(Thread.java:831)
Caused by: scala.meta.internal.metals.debug.BuildTargetNotFoundForPathException: No build target could be found for the path: C:\Users\alex8\OneDrive\Desktop\CS-3210_ppl\22FCS3210\prg_01_mouse\src\LexicalAnalyzer.scala
	at scala.meta.internal.metals.debug.DebugProvider.debugDiscovery(DebugProvider.scala:395)
	at scala.meta.internal.metals.MetalsLanguageServer.executeCommand(MetalsLanguageServer.scala:1912)
	at java.base/jdk.internal.reflect.NativeMethodAccessorImpl.invoke0(Native Method)
	at java.base/jdk.internal.reflect.NativeMethodAccessorImpl.invoke(NativeMethodAccessorImpl.java:78)
	at java.base/jdk.internal.reflect.DelegatingMethodAccessorImpl.invoke(DelegatingMethodAccessorImpl.java:43)
	at java.base/java.lang.reflect.Method.invoke(Method.java:567)
	at org.eclipse.lsp4j.jsonrpc.services.GenericEndpoint.lambda$null$0(GenericEndpoint.java:65)
	at org.eclipse.lsp4j.jsonrpc.services.GenericEndpoint.request(GenericEndpoint.java:120)
	at org.eclipse.lsp4j.jsonrpc.RemoteEndpoint.handleRequest(RemoteEndpoint.java:261)
	... 9 more

2022.09.29 18:32:10 INFO  no build target found for C:\Users\alex8\OneDrive\Desktop\CS-3210_ppl\22FCS3210\prg_01_mouse\src\LexicalAnalyzer.scala. Using presentation compiler with project's scala-library version: 3.1.3
2022.09.29 18:32:13 INFO  time: code lens generation in 8.07s
2022.09.29 18:32:13 INFO  time: code lens generation in 7.58s
2022.09.29 18:32:13 INFO  time: code lens generation in 3.3s
2022.09.29 18:32:35 INFO  shutting down Metals
2022.09.29 18:32:49 INFO  tracing is disabled for protocol LSP, to enable tracing of incoming and outgoing JSON messages create an empty file at c:\Users\alex8\OneDrive\Desktop\CS-3210_ppl\22FCS3210\prg_01_mouse\.metals\lsp.trace.json or C:\Users\alex8\AppData\Local\scalameta\metals\cache\lsp.trace.json
2022.09.29 18:32:50 INFO  logging to file C:\Users\alex8\OneDrive\Desktop\CS-3210_ppl\22FCS3210\prg_01_mouse\.metals\metals.log
2022.09.29 18:32:50 INFO  Started: Metals version 0.11.8 in workspace 'C:\Users\alex8\OneDrive\Desktop\CS-3210_ppl\22FCS3210\prg_01_mouse' for client Visual Studio Code 1.71.2.
2022.09.29 18:32:51 WARN  Flyway upgrade recommended: H2 2.1.214 is newer than this version of Flyway and support has not been tested. The latest supported version of H2 is 2.1.210.
2022.09.29 18:32:51 INFO  time: initialize in 1.29s
2022.09.29 18:32:52 WARN  Build server is not auto-connectable.
2022.09.29 18:32:52 WARN  no build tool detected in workspace 'C:\Users\alex8\OneDrive\Desktop\CS-3210_ppl\22FCS3210\prg_01_mouse'. The most common cause for this problem is that the editor was opened in the wrong working directory, for example if you use sbt then the workspace directory should contain build.sbt. 
2022.09.29 18:32:52 WARN  no build target for: C:\Users\alex8\OneDrive\Desktop\CS-3210_ppl\22FCS3210\prg_01_mouse\src\LexicalAnalyzer.scala
2022.09.29 18:32:56 INFO  no build target found for C:\Users\alex8\OneDrive\Desktop\CS-3210_ppl\22FCS3210\prg_01_mouse\src\LexicalAnalyzer.scala. Using presentation compiler with project's scala-library version: 3.1.3
2022.09.29 18:32:58 INFO  time: code lens generation in 4.71s
Sep 29, 2022 6:33:21 PM org.eclipse.lsp4j.jsonrpc.RemoteEndpoint handleCancellation
WARNING: Unmatched cancel notification for request id 5
Sep 29, 2022 6:33:21 PM org.eclipse.lsp4j.jsonrpc.services.GenericEndpoint notify
INFO: Unsupported notification method: $/setTrace
2022.09.29 23:17:54 INFO  shutting down Metals
